<?xml version='1.0' encoding='UTF-8'?>
<testsuite hostname="david-lacour-Type1ProductConfigId" name="ch.epfl.tchu.game.PublicPlayerStateTest" tests="6" errors="0" failures="0" skipped="0" time="0.109" timestamp="2026-01-18T15:47:00">
          <properties>
[...]
</properties>
          <testcase classname="ch.epfl.tchu.game.PublicPlayerStateTest" name="publicPlayerState constructor fails with negative ticket or card count" time="0.009">
                      
                    </testcase><testcase classname="ch.epfl.tchu.game.PublicPlayerStateTest" name="publicPlayerState ticketCount returns ticket count" time="0.006">
                      
                    </testcase><testcase classname="ch.epfl.tchu.game.PublicPlayerStateTest" name="publicPlayerState cardCount returns card count" time="0.002">
                      
                    </testcase><testcase classname="ch.epfl.tchu.game.PublicPlayerStateTest" name="publicPlayerState routes returns routes" time="0.048">
                      
                    </testcase><testcase classname="ch.epfl.tchu.game.PublicPlayerStateTest" name="publicPlayerState carCount works" time="0.023">
                      
                    </testcase><testcase classname="ch.epfl.tchu.game.PublicPlayerStateTest" name="publicPlayerState claimPoints works" time="0.021">
                      
                    </testcase>
          <system-out><![CDATA[]]></system-out>
          <system-err><![CDATA[]]></system-err>
        </testsuite>